<?xml version="1.0" encoding="UTF-8"?>
<!-- Generated by org.testng.reporters.JUnitReportReporter -->
<testsuite skipped="0" hostname="DESKTOP-2F9KF4V" name="com.rcb.testcases.LoginTest" tests="1" failures="0" timestamp="06 Sep 2021 12:55:49 GMT" time="0.019" errors="0">
  <testcase name="loginToAccountPage" time="0.019" classname="com.rcb.testcases.LoginTest"/>
</testsuite> <!-- com.rcb.testcases.LoginTest -->
